Using pre-set license
Built from '2020.2/release' branch; Version is '2020.2.2f1 (068178b99f32) revision 426360'; Using compiler version '192528614'; Build Type 'Release'
OS: 'Windows 10 Home; OS build 18363.1379; Version 1909; 64bit' Language: 'en' Physical Memory: 3964 MB
BatchMode: 1, IsHumanControllingUs: 0, StartBugReporterOnCrash: 0, Is64bit: 1, IsPro: 0

 COMMAND LINE ARGUMENTS:
C:\Program Files\Unity\Hub\Editor\2020.2.2f1\Editor\Unity.exe
-adb2
-batchMode
-noUpm
-name
AssetImportWorker1
-projectPath
C:/Users/Home/Documents/GitHub/tank_game/Tank-tutorial
-logFile
Logs/AssetImportWorker1.log
-srvPort
60166
Successfully changed project path to: C:/Users/Home/Documents/GitHub/tank_game/Tank-tutorial
C:/Users/Home/Documents/GitHub/tank_game/Tank-tutorial
Using Asset Import Pipeline V2.
Refreshing native plugins compatible for Editor in 174.80 ms, found 0 plugins.
Preloading 0 native plugins for Editor in 0.00 ms.
Initialize engine version: 2020.2.2f1 (068178b99f32)
[Subsystems] Discovering subsystems at path C:/Program Files/Unity/Hub/Editor/2020.2.2f1/Editor/Data/Resources/UnitySubsystems
[Subsystems] Discovering subsystems at path C:/Users/Home/Documents/GitHub/tank_game/Tank-tutorial/Assets
GfxDevice: creating device client; threaded=0
Direct3D:
    Version:  Direct3D 11.0 [level 11.0]
    Renderer: NVIDIA GeForce 940MX (ID=0x179c)
    Vendor:   
    VRAM:     2019 MB
    Driver:   23.21.13.8863
Initialize mono
Mono path[0] = 'C:/Program Files/Unity/Hub/Editor/2020.2.2f1/Editor/Data/Managed'
Mono path[1] = 'C:/Program Files/Unity/Hub/Editor/2020.2.2f1/Editor/Data/MonoBleedingEdge/lib/mono/unityjit'
Mono config path = 'C:/Program Files/Unity/Hub/Editor/2020.2.2f1/Editor/Data/MonoBleedingEdge/etc'
Using monoOptions --debugger-agent=transport=dt_socket,embedding=1,server=y,suspend=n,address=127.0.0.1:56584
Begin MonoManager ReloadAssembly
Registering precompiled unity dll's ...
Register platform support module: C:/Program Files/Unity/Hub/Editor/2020.2.2f1/Editor/Data/PlaybackEngines/WindowsStandaloneSupport/UnityEditor.WindowsStandalone.Extensions.dll
Registered in 0.008496 seconds.
Native extension for WindowsStandalone target not found
Refreshing native plugins compatible for Editor in 126.49 ms, found 0 plugins.
Preloading 0 native plugins for Editor in 0.00 ms.
Invoked RoslynAnalysisRunner static constructor.
RoslynAnalysisRunner will not be running.
RoslynAnalysisRunner has terminated.
Mono: successfully reloaded assembly
- Completed reload, in  6.778 seconds
Platform modules already initialized, skipping
Registering precompiled user dll's ...
Registered in 0.028386 seconds.
Begin MonoManager ReloadAssembly
Symbol file LoadedFromMemory is not a mono symbol file
Native extension for WindowsStandalone target not found
Refreshing native plugins compatible for Editor in 7.08 ms, found 0 plugins.
Preloading 0 native plugins for Editor in 0.00 ms.
Invoked RoslynAnalysisRunner static constructor.
RoslynAnalysisRunner will not be running.
RoslynAnalysisRunner has terminated.
Mono: successfully reloaded assembly
- Completed reload, in  3.639 seconds
Platform modules already initialized, skipping
========================================================================
Worker process is ready to serve import requests
Launched and connected shader compiler UnityShaderCompiler.exe after 0.15 seconds
Refreshing native plugins compatible for Editor in 9.75 ms, found 0 plugins.
Preloading 0 native plugins for Editor in 0.00 ms.
Unloading 1719 Unused Serialized files (Serialized files now loaded: 0)
System memory in use before: 80.8 MB.
System memory in use after: 80.9 MB.

Unloading 39 unused Assets to reduce memory usage. Loaded Objects now: 2145.
Total: 130.169400 ms (FindLiveObjects: 6.636400 ms CreateObjectMapping: 0.223700 ms MarkObjects: 86.064900 ms  DeleteObjects: 36.806400 ms)

========================================================================
Received Import Request.
  path: Assets/Scripts/Tank/TankHealth_online.cs
  artifactKey: Guid(e0769aed1d7b7794c942c1e8c33bfc7b) Importer(815301076,1909f56bfc062723c751e8b465ee728b)
Start importing Assets/Scripts/Tank/TankHealth_online.cs using Guid(e0769aed1d7b7794c942c1e8c33bfc7b) Importer(815301076,1909f56bfc062723c751e8b465ee728b)  -> (artifact id: '35d07bd7f01926d77be119a7d41e1c48') in 0.223043 seconds
  Import took 0.253893 seconds .

========================================================================
Received Import Request.
  Time since last request: 89.493310 seconds.
  path: Assets/Scripts/Tank/TankHealth_online.cs
  artifactKey: Guid(e0769aed1d7b7794c942c1e8c33bfc7b) Importer(815301076,1909f56bfc062723c751e8b465ee728b)
Start importing Assets/Scripts/Tank/TankHealth_online.cs using Guid(e0769aed1d7b7794c942c1e8c33bfc7b) Importer(815301076,1909f56bfc062723c751e8b465ee728b)  -> (artifact id: '92b1da199e62ea571551de780b0315cb') in 0.030363 seconds
  Import took 0.057958 seconds .

========================================================================
Received Prepare
Registering precompiled user dll's ...
Registered in 0.018735 seconds.
Begin MonoManager ReloadAssembly
Symbol file LoadedFromMemory is not a mono symbol file
Native extension for WindowsStandalone target not found
Refreshing native plugins compatible for Editor in 0.69 ms, found 0 plugins.
Preloading 0 native plugins for Editor in 0.00 ms.
Invoked RoslynAnalysisRunner static constructor.
RoslynAnalysisRunner will not be running.
RoslynAnalysisRunner has terminated.
Mono: successfully reloaded assembly
- Completed reload, in  2.085 seconds
Platform modules already initialized, skipping
Refreshing native plugins compatible for Editor in 3.16 ms, found 0 plugins.
Preloading 0 native plugins for Editor in 0.00 ms.
Unloading 1685 Unused Serialized files (Serialized files now loaded: 0)
System memory in use before: 78.6 MB.
System memory in use after: 78.7 MB.

Unloading 31 unused Assets to reduce memory usage. Loaded Objects now: 2147.
Total: 18.457900 ms (FindLiveObjects: 1.653900 ms CreateObjectMapping: 0.181100 ms MarkObjects: 14.649800 ms  DeleteObjects: 1.970400 ms)

========================================================================
Received Import Request.
  Time since last request: 137.675461 seconds.
  path: Assets/Scripts/Tank/TankHealth_online.cs
  artifactKey: Guid(e0769aed1d7b7794c942c1e8c33bfc7b) Importer(815301076,1909f56bfc062723c751e8b465ee728b)
Start importing Assets/Scripts/Tank/TankHealth_online.cs using Guid(e0769aed1d7b7794c942c1e8c33bfc7b) Importer(815301076,1909f56bfc062723c751e8b465ee728b)  -> (artifact id: '31b52b53ec0c91c0fd987a1ea4cb9a6d') in 0.013838 seconds
  Import took 0.019743 seconds .

========================================================================
Received Prepare
Refreshing native plugins compatible for Editor in 54.88 ms, found 0 plugins.
Preloading 0 native plugins for Editor in 0.00 ms.
Unloading 29 Unused Serialized files (Serialized files now loaded: 0)
System memory in use before: 47.0 MB.
System memory in use after: 47.1 MB.

Unloading 29 unused Assets to reduce memory usage. Loaded Objects now: 2147.
Total: 4.936500 ms (FindLiveObjects: 0.385000 ms CreateObjectMapping: 0.163100 ms MarkObjects: 4.288400 ms  DeleteObjects: 0.097200 ms)

========================================================================
Received Prepare
Registering precompiled user dll's ...
Registered in 0.087607 seconds.
Begin MonoManager ReloadAssembly
Symbol file LoadedFromMemory is not a mono symbol file
Native extension for WindowsStandalone target not found
Refreshing native plugins compatible for Editor in 1.49 ms, found 0 plugins.
Preloading 0 native plugins for Editor in 0.00 ms.
Invoked RoslynAnalysisRunner static constructor.
RoslynAnalysisRunner will not be running.
RoslynAnalysisRunner has terminated.
Mono: successfully reloaded assembly
- Completed reload, in  4.534 seconds
Platform modules already initialized, skipping
Refreshing native plugins compatible for Editor in 1.12 ms, found 0 plugins.
Preloading 0 native plugins for Editor in 0.00 ms.
Unloading 1685 Unused Serialized files (Serialized files now loaded: 0)
System memory in use before: 79.6 MB.
System memory in use after: 79.7 MB.

Unloading 31 unused Assets to reduce memory usage. Loaded Objects now: 2149.
Total: 7.659200 ms (FindLiveObjects: 0.548700 ms CreateObjectMapping: 0.236300 ms MarkObjects: 6.584400 ms  DeleteObjects: 0.286300 ms)

========================================================================
Received Prepare
Registering precompiled user dll's ...
Registered in 0.017088 seconds.
Begin MonoManager ReloadAssembly
Symbol file LoadedFromMemory is not a mono symbol file
Native extension for WindowsStandalone target not found
Refreshing native plugins compatible for Editor in 1.05 ms, found 0 plugins.
Preloading 0 native plugins for Editor in 0.00 ms.
Invoked RoslynAnalysisRunner static constructor.
RoslynAnalysisRunner will not be running.
RoslynAnalysisRunner has terminated.
Mono: successfully reloaded assembly
- Completed reload, in  2.212 seconds
Platform modules already initialized, skipping
Refreshing native plugins compatible for Editor in 0.77 ms, found 0 plugins.
Preloading 0 native plugins for Editor in 0.00 ms.
Unloading 1685 Unused Serialized files (Serialized files now loaded: 0)
System memory in use before: 79.7 MB.
System memory in use after: 79.7 MB.

Unloading 31 unused Assets to reduce memory usage. Loaded Objects now: 2151.
Total: 3.240900 ms (FindLiveObjects: 0.460200 ms CreateObjectMapping: 0.120800 ms MarkObjects: 2.497000 ms  DeleteObjects: 0.159800 ms)

========================================================================
Received Prepare
Registering precompiled user dll's ...
Registered in 0.014150 seconds.
Begin MonoManager ReloadAssembly
Symbol file LoadedFromMemory is not a mono symbol file
Native extension for WindowsStandalone target not found
Refreshing native plugins compatible for Editor in 0.94 ms, found 0 plugins.
Preloading 0 native plugins for Editor in 0.00 ms.
Invoked RoslynAnalysisRunner static constructor.
RoslynAnalysisRunner will not be running.
RoslynAnalysisRunner has terminated.
Mono: successfully reloaded assembly
- Completed reload, in  2.268 seconds
Platform modules already initialized, skipping
Refreshing native plugins compatible for Editor in 1.09 ms, found 0 plugins.
Preloading 0 native plugins for Editor in 0.00 ms.
Unloading 1685 Unused Serialized files (Serialized files now loaded: 0)
System memory in use before: 79.7 MB.
System memory in use after: 79.8 MB.

Unloading 31 unused Assets to reduce memory usage. Loaded Objects now: 2153.
Total: 4.493000 ms (FindLiveObjects: 0.387700 ms CreateObjectMapping: 0.138300 ms MarkObjects: 3.852000 ms  DeleteObjects: 0.113500 ms)

========================================================================
Received Prepare
Refreshing native plugins compatible for Editor in 806.54 ms, found 0 plugins.
Preloading 0 native plugins for Editor in 0.00 ms.
Unloading 29 Unused Serialized files (Serialized files now loaded: 0)
System memory in use before: 47.0 MB.
System memory in use after: 47.1 MB.

Unloading 29 unused Assets to reduce memory usage. Loaded Objects now: 2153.
Total: 8.718100 ms (FindLiveObjects: 1.739500 ms CreateObjectMapping: 0.424500 ms MarkObjects: 6.384400 ms  DeleteObjects: 0.167400 ms)

========================================================================
Received Prepare
Registering precompiled user dll's ...
Registered in 0.121261 seconds.
Begin MonoManager ReloadAssembly
Symbol file LoadedFromMemory is not a mono symbol file
Native extension for WindowsStandalone target not found
Refreshing native plugins compatible for Editor in 1.47 ms, found 0 plugins.
Preloading 0 native plugins for Editor in 0.00 ms.
Invoked RoslynAnalysisRunner static constructor.
RoslynAnalysisRunner will not be running.
RoslynAnalysisRunner has terminated.
Mono: successfully reloaded assembly
- Completed reload, in  5.052 seconds
Platform modules already initialized, skipping
Refreshing native plugins compatible for Editor in 0.93 ms, found 0 plugins.
Preloading 0 native plugins for Editor in 0.00 ms.
Unloading 1685 Unused Serialized files (Serialized files now loaded: 0)
System memory in use before: 79.7 MB.
System memory in use after: 79.8 MB.

Unloading 31 unused Assets to reduce memory usage. Loaded Objects now: 2155.
Total: 9.815000 ms (FindLiveObjects: 0.442700 ms CreateObjectMapping: 0.170200 ms MarkObjects: 8.999500 ms  DeleteObjects: 0.200000 ms)

========================================================================
Received Prepare
Registering precompiled user dll's ...
Registered in 0.020350 seconds.
Begin MonoManager ReloadAssembly
Symbol file LoadedFromMemory is not a mono symbol file
Native extension for WindowsStandalone target not found
Refreshing native plugins compatible for Editor in 2.03 ms, found 0 plugins.
Preloading 0 native plugins for Editor in 0.00 ms.
Invoked RoslynAnalysisRunner static constructor.
RoslynAnalysisRunner will not be running.
RoslynAnalysisRunner has terminated.
Mono: successfully reloaded assembly
- Completed reload, in  3.579 seconds
Platform modules already initialized, skipping
Refreshing native plugins compatible for Editor in 0.73 ms, found 0 plugins.
Preloading 0 native plugins for Editor in 0.00 ms.
Unloading 1685 Unused Serialized files (Serialized files now loaded: 0)
System memory in use before: 79.7 MB.
System memory in use after: 79.8 MB.

Unloading 31 unused Assets to reduce memory usage. Loaded Objects now: 2157.
Total: 5.625800 ms (FindLiveObjects: 0.304000 ms CreateObjectMapping: 0.153400 ms MarkObjects: 3.728800 ms  DeleteObjects: 1.437500 ms)

========================================================================
Received Prepare
Refreshing native plugins compatible for Editor in 69.52 ms, found 0 plugins.
Preloading 0 native plugins for Editor in 0.00 ms.
Unloading 29 Unused Serialized files (Serialized files now loaded: 0)
System memory in use before: 47.1 MB.
System memory in use after: 47.2 MB.

Unloading 29 unused Assets to reduce memory usage. Loaded Objects now: 2157.
Total: 14.581800 ms (FindLiveObjects: 1.818300 ms CreateObjectMapping: 0.874300 ms MarkObjects: 11.748900 ms  DeleteObjects: 0.127600 ms)

========================================================================
Received Prepare
Registering precompiled user dll's ...
Registered in 0.093365 seconds.
Begin MonoManager ReloadAssembly
Symbol file LoadedFromMemory is not a mono symbol file
Native extension for WindowsStandalone target not found
Refreshing native plugins compatible for Editor in 3.08 ms, found 0 plugins.
Preloading 0 native plugins for Editor in 0.00 ms.
Invoked RoslynAnalysisRunner static constructor.
RoslynAnalysisRunner will not be running.
RoslynAnalysisRunner has terminated.
Mono: successfully reloaded assembly
- Completed reload, in  6.045 seconds
Platform modules already initialized, skipping
Refreshing native plugins compatible for Editor in 0.84 ms, found 0 plugins.
Preloading 0 native plugins for Editor in 0.00 ms.
Unloading 1685 Unused Serialized files (Serialized files now loaded: 0)
System memory in use before: 79.7 MB.
System memory in use after: 79.8 MB.

Unloading 31 unused Assets to reduce memory usage. Loaded Objects now: 2159.
Total: 15.090400 ms (FindLiveObjects: 1.234800 ms CreateObjectMapping: 0.273200 ms MarkObjects: 13.438700 ms  DeleteObjects: 0.141500 ms)

========================================================================
Received Prepare
Registering precompiled user dll's ...
Registered in 0.012337 seconds.
Begin MonoManager ReloadAssembly
Symbol file LoadedFromMemory is not a mono symbol file
Native extension for WindowsStandalone target not found
Refreshing native plugins compatible for Editor in 0.91 ms, found 0 plugins.
Preloading 0 native plugins for Editor in 0.00 ms.
Invoked RoslynAnalysisRunner static constructor.
RoslynAnalysisRunner will not be running.
RoslynAnalysisRunner has terminated.
Mono: successfully reloaded assembly
- Completed reload, in  2.309 seconds
Platform modules already initialized, skipping
Refreshing native plugins compatible for Editor in 0.76 ms, found 0 plugins.
Preloading 0 native plugins for Editor in 0.00 ms.
Unloading 1685 Unused Serialized files (Serialized files now loaded: 0)
System memory in use before: 79.7 MB.
System memory in use after: 79.8 MB.

Unloading 31 unused Assets to reduce memory usage. Loaded Objects now: 2161.
Total: 6.017300 ms (FindLiveObjects: 2.012200 ms CreateObjectMapping: 0.194800 ms MarkObjects: 3.625000 ms  DeleteObjects: 0.168100 ms)

========================================================================
Received Prepare
Refreshing native plugins compatible for Editor in 38.94 ms, found 0 plugins.
Preloading 0 native plugins for Editor in 0.00 ms.
Unloading 29 Unused Serialized files (Serialized files now loaded: 0)
System memory in use before: 47.1 MB.
System memory in use after: 47.2 MB.

Unloading 29 unused Assets to reduce memory usage. Loaded Objects now: 2161.
Total: 7.579100 ms (FindLiveObjects: 0.382500 ms CreateObjectMapping: 0.929800 ms MarkObjects: 6.172300 ms  DeleteObjects: 0.091100 ms)

========================================================================
Received Prepare
Registering precompiled user dll's ...
Registered in 0.032508 seconds.
Begin MonoManager ReloadAssembly
Symbol file LoadedFromMemory is not a mono symbol file
Native extension for WindowsStandalone target not found
Refreshing native plugins compatible for Editor in 0.74 ms, found 0 plugins.
Preloading 0 native plugins for Editor in 0.00 ms.
Invoked RoslynAnalysisRunner static constructor.
RoslynAnalysisRunner will not be running.
RoslynAnalysisRunner has terminated.
Mono: successfully reloaded assembly
- Completed reload, in  2.115 seconds
Platform modules already initialized, skipping
Refreshing native plugins compatible for Editor in 0.71 ms, found 0 plugins.
Preloading 0 native plugins for Editor in 0.00 ms.
Unloading 1685 Unused Serialized files (Serialized files now loaded: 0)
System memory in use before: 79.6 MB.
System memory in use after: 79.7 MB.

Unloading 31 unused Assets to reduce memory usage. Loaded Objects now: 2163.
Total: 2.910300 ms (FindLiveObjects: 0.352100 ms CreateObjectMapping: 0.140800 ms MarkObjects: 2.297500 ms  DeleteObjects: 0.117400 ms)

========================================================================
Received Import Request.
  Time since last request: 7858.492711 seconds.
  path: Assets/Resources/Tank1_online.prefab
  artifactKey: Guid(7e12e256c83a66c44a4afb0b9970cdeb) Importer(815301076,1909f56bfc062723c751e8b465ee728b)
Start importing Assets/Resources/Tank1_online.prefab using Guid(7e12e256c83a66c44a4afb0b9970cdeb) Importer(815301076,1909f56bfc062723c751e8b465ee728b)  -> (artifact id: '5f6c9a53bdd4fc827266fe54d4b72b62') in 0.387544 seconds
  Import took 0.401716 seconds .

========================================================================
Received Import Request.
  Time since last request: 1.899657 seconds.
  path: Assets/Resources/Tank2_online.prefab
  artifactKey: Guid(7cd08692473ef544a901c5bf1cc0904a) Importer(815301076,1909f56bfc062723c751e8b465ee728b)
Start importing Assets/Resources/Tank2_online.prefab using Guid(7cd08692473ef544a901c5bf1cc0904a) Importer(815301076,1909f56bfc062723c751e8b465ee728b)  -> (artifact id: '38f17eb6b07c9ba72f5d09bf727a0880') in 0.067997 seconds
  Import took 0.077738 seconds .

========================================================================
Received Import Request.
  Time since last request: 13.312713 seconds.
  path: Assets/Resources/Tank2_online.prefab
  artifactKey: Guid(7cd08692473ef544a901c5bf1cc0904a) Importer(815301076,1909f56bfc062723c751e8b465ee728b)
Start importing Assets/Resources/Tank2_online.prefab using Guid(7cd08692473ef544a901c5bf1cc0904a) Importer(815301076,1909f56bfc062723c751e8b465ee728b)  -> (artifact id: '6fafddb03bbcba67b1bb2a054cfa6597') in 0.070015 seconds
  Import took 0.080723 seconds .

========================================================================
Received Prepare
Refreshing native plugins compatible for Editor in 36.50 ms, found 0 plugins.
Preloading 0 native plugins for Editor in 0.00 ms.
Unloading 29 Unused Serialized files (Serialized files now loaded: 0)
System memory in use before: 51.1 MB.
System memory in use after: 51.2 MB.

Unloading 29 unused Assets to reduce memory usage. Loaded Objects now: 2171.
Total: 5.272100 ms (FindLiveObjects: 0.350800 ms CreateObjectMapping: 0.104000 ms MarkObjects: 4.706400 ms  DeleteObjects: 0.108800 ms)

========================================================================
Received Prepare
Registering precompiled user dll's ...
Registered in 3.598532 seconds.
Begin MonoManager ReloadAssembly
Symbol file LoadedFromMemory is not a mono symbol file
Native extension for WindowsStandalone target not found
Refreshing native plugins compatible for Editor in 59.64 ms, found 0 plugins.
Preloading 0 native plugins for Editor in 0.00 ms.
Invoked RoslynAnalysisRunner static constructor.
RoslynAnalysisRunner will not be running.
RoslynAnalysisRunner has terminated.
Mono: successfully reloaded assembly
- Completed reload, in 22.150 seconds
Platform modules already initialized, skipping
Refreshing native plugins compatible for Editor in 9.16 ms, found 0 plugins.
Preloading 0 native plugins for Editor in 0.00 ms.
Unloading 1685 Unused Serialized files (Serialized files now loaded: 0)
System memory in use before: 82.9 MB.
System memory in use after: 83.0 MB.

Unloading 31 unused Assets to reduce memory usage. Loaded Objects now: 2173.
Total: 43.207400 ms (FindLiveObjects: 4.494200 ms CreateObjectMapping: 1.356000 ms MarkObjects: 36.287700 ms  DeleteObjects: 0.264800 ms)

========================================================================
Received Prepare
Registering precompiled user dll's ...
Registered in 0.029783 seconds.
Begin MonoManager ReloadAssembly
Symbol file LoadedFromMemory is not a mono symbol file
Native extension for WindowsStandalone target not found
Refreshing native plugins compatible for Editor in 1.11 ms, found 0 plugins.
Preloading 0 native plugins for Editor in 0.00 ms.
Invoked RoslynAnalysisRunner static constructor.
RoslynAnalysisRunner will not be running.
RoslynAnalysisRunner has terminated.
Mono: successfully reloaded assembly
- Completed reload, in  2.390 seconds
Platform modules already initialized, skipping
Refreshing native plugins compatible for Editor in 1.21 ms, found 0 plugins.
Preloading 0 native plugins for Editor in 0.00 ms.
Unloading 1685 Unused Serialized files (Serialized files now loaded: 0)
System memory in use before: 82.9 MB.
System memory in use after: 83.0 MB.

Unloading 31 unused Assets to reduce memory usage. Loaded Objects now: 2175.
Total: 3.790300 ms (FindLiveObjects: 0.415600 ms CreateObjectMapping: 0.100900 ms MarkObjects: 3.180700 ms  DeleteObjects: 0.090100 ms)

========================================================================
Received Prepare
Refreshing native plugins compatible for Editor in 28.23 ms, found 0 plugins.
Preloading 0 native plugins for Editor in 0.00 ms.
Unloading 29 Unused Serialized files (Serialized files now loaded: 0)
System memory in use before: 50.3 MB.
System memory in use after: 50.4 MB.

Unloading 29 unused Assets to reduce memory usage. Loaded Objects now: 2175.
Total: 6.019800 ms (FindLiveObjects: 0.771800 ms CreateObjectMapping: 0.172400 ms MarkObjects: 4.956500 ms  DeleteObjects: 0.109900 ms)

========================================================================
Received Prepare
Registering precompiled user dll's ...
Registered in 0.771135 seconds.
Begin MonoManager ReloadAssembly
Symbol file LoadedFromMemory is not a mono symbol file
Native extension for WindowsStandalone target not found
Refreshing native plugins compatible for Editor in 2.79 ms, found 0 plugins.
Preloading 0 native plugins for Editor in 0.00 ms.
Invoked RoslynAnalysisRunner static constructor.
RoslynAnalysisRunner will not be running.
RoslynAnalysisRunner has terminated.
Mono: successfully reloaded assembly
- Completed reload, in 13.119 seconds
Platform modules already initialized, skipping
Refreshing native plugins compatible for Editor in 1.30 ms, found 0 plugins.
Preloading 0 native plugins for Editor in 0.00 ms.
Unloading 1685 Unused Serialized files (Serialized files now loaded: 0)
System memory in use before: 82.9 MB.
System memory in use after: 83.0 MB.

Unloading 31 unused Assets to reduce memory usage. Loaded Objects now: 2177.
Total: 3.510000 ms (FindLiveObjects: 0.386600 ms CreateObjectMapping: 0.146000 ms MarkObjects: 2.866700 ms  DeleteObjects: 0.107000 ms)

========================================================================
Received Prepare
Registering precompiled user dll's ...
Registered in 0.031368 seconds.
Begin MonoManager ReloadAssembly
Symbol file LoadedFromMemory is not a mono symbol file
Native extension for WindowsStandalone target not found
Refreshing native plugins compatible for Editor in 1.07 ms, found 0 plugins.
Preloading 0 native plugins for Editor in 0.00 ms.
Invoked RoslynAnalysisRunner static constructor.
RoslynAnalysisRunner will not be running.
RoslynAnalysisRunner has terminated.
Mono: successfully reloaded assembly
- Completed reload, in  2.683 seconds
Platform modules already initialized, skipping
Refreshing native plugins compatible for Editor in 1.22 ms, found 0 plugins.
Preloading 0 native plugins for Editor in 0.00 ms.
Unloading 1685 Unused Serialized files (Serialized files now loaded: 0)
System memory in use before: 82.9 MB.
System memory in use after: 83.0 MB.

Unloading 31 unused Assets to reduce memory usage. Loaded Objects now: 2179.
Total: 21.305300 ms (FindLiveObjects: 2.716500 ms CreateObjectMapping: 0.221700 ms MarkObjects: 16.135400 ms  DeleteObjects: 2.228400 ms)

========================================================================
Received Prepare
Refreshing native plugins compatible for Editor in 46.26 ms, found 0 plugins.
Preloading 0 native plugins for Editor in 0.00 ms.
Unloading 29 Unused Serialized files (Serialized files now loaded: 0)
System memory in use before: 50.2 MB.
System memory in use after: 50.3 MB.

Unloading 29 unused Assets to reduce memory usage. Loaded Objects now: 2179.
Total: 38.393000 ms (FindLiveObjects: 9.786500 ms CreateObjectMapping: 3.904200 ms MarkObjects: 24.481500 ms  DeleteObjects: 0.217400 ms)

========================================================================
Received Prepare
Registering precompiled user dll's ...
Registered in 0.035317 seconds.
Begin MonoManager ReloadAssembly
Symbol file LoadedFromMemory is not a mono symbol file
Native extension for WindowsStandalone target not found
Refreshing native plugins compatible for Editor in 1.09 ms, found 0 plugins.
Preloading 0 native plugins for Editor in 0.00 ms.
Invoked RoslynAnalysisRunner static constructor.
RoslynAnalysisRunner will not be running.
RoslynAnalysisRunner has terminated.
Mono: successfully reloaded assembly
- Completed reload, in  5.091 seconds
Platform modules already initialized, skipping
Refreshing native plugins compatible for Editor in 3.15 ms, found 0 plugins.
Preloading 0 native plugins for Editor in 0.00 ms.
Unloading 1685 Unused Serialized files (Serialized files now loaded: 0)
System memory in use before: 83.0 MB.
System memory in use after: 83.0 MB.

Unloading 31 unused Assets to reduce memory usage. Loaded Objects now: 2181.
Total: 18.819400 ms (FindLiveObjects: 10.187600 ms CreateObjectMapping: 0.299800 ms MarkObjects: 8.194700 ms  DeleteObjects: 0.123000 ms)

========================================================================
Received Import Request.
  Time since last request: 16777.030563 seconds.
  path: Assets/Resources/Tank1_online.prefab
  artifactKey: Guid(7e12e256c83a66c44a4afb0b9970cdeb) Importer(815301076,1909f56bfc062723c751e8b465ee728b)
Start importing Assets/Resources/Tank1_online.prefab using Guid(7e12e256c83a66c44a4afb0b9970cdeb) Importer(815301076,1909f56bfc062723c751e8b465ee728b)  -> (artifact id: 'bf49387257c9bd069e2a1ec0eb159cda') in 1.579318 seconds
  Import took 2.017122 seconds .

========================================================================
Received Import Request.
  Time since last request: 4.906442 seconds.
  path: Assets/Scenes/TANK/gamescene_online.unity
  artifactKey: Guid(edf85b48ebef33c40888de487ebd8371) Importer(815301076,1909f56bfc062723c751e8b465ee728b)
Start importing Assets/Scenes/TANK/gamescene_online.unity using Guid(edf85b48ebef33c40888de487ebd8371) Importer(815301076,1909f56bfc062723c751e8b465ee728b)  -> (artifact id: '85355ae82603b121d429f2739252af98') in 0.013982 seconds
  Import took 0.018937 seconds .

========================================================================
Received Import Request.
  Time since last request: 37.669895 seconds.
  path: Assets/Resources/Tank2_online.prefab
  artifactKey: Guid(7cd08692473ef544a901c5bf1cc0904a) Importer(815301076,1909f56bfc062723c751e8b465ee728b)
Start importing Assets/Resources/Tank2_online.prefab using Guid(7cd08692473ef544a901c5bf1cc0904a) Importer(815301076,1909f56bfc062723c751e8b465ee728b)  -> (artifact id: 'b83cc994298b6bbc47788440401b50fc') in 0.065653 seconds
  Import took 0.083599 seconds .

========================================================================
Received Prepare
Registering precompiled user dll's ...
Registered in 0.013964 seconds.
Begin MonoManager ReloadAssembly
Symbol file LoadedFromMemory is not a mono symbol file
Native extension for WindowsStandalone target not found
Refreshing native plugins compatible for Editor in 1.05 ms, found 0 plugins.
Preloading 0 native plugins for Editor in 0.00 ms.
Invoked RoslynAnalysisRunner static constructor.
RoslynAnalysisRunner will not be running.
RoslynAnalysisRunner has terminated.
Mono: successfully reloaded assembly
- Completed reload, in  1.767 seconds
Platform modules already initialized, skipping
Refreshing native plugins compatible for Editor in 0.60 ms, found 0 plugins.
Preloading 0 native plugins for Editor in 0.00 ms.
Unloading 1685 Unused Serialized files (Serialized files now loaded: 0)
System memory in use before: 83.0 MB.
System memory in use after: 83.1 MB.

Unloading 31 unused Assets to reduce memory usage. Loaded Objects now: 2184.
Total: 4.920700 ms (FindLiveObjects: 0.605400 ms CreateObjectMapping: 0.232500 ms MarkObjects: 3.218000 ms  DeleteObjects: 0.862700 ms)

========================================================================
Received Prepare
Registering precompiled user dll's ...
Registered in 0.009181 seconds.
Begin MonoManager ReloadAssembly
Symbol file LoadedFromMemory is not a mono symbol file
Native extension for WindowsStandalone target not found
Refreshing native plugins compatible for Editor in 1.18 ms, found 0 plugins.
Preloading 0 native plugins for Editor in 0.00 ms.
Invoked RoslynAnalysisRunner static constructor.
RoslynAnalysisRunner will not be running.
RoslynAnalysisRunner has terminated.
Mono: successfully reloaded assembly
- Completed reload, in  8.309 seconds
Platform modules already initialized, skipping
Refreshing native plugins compatible for Editor in 0.99 ms, found 0 plugins.
Preloading 0 native plugins for Editor in 0.00 ms.
Unloading 1685 Unused Serialized files (Serialized files now loaded: 0)
System memory in use before: 83.0 MB.
System memory in use after: 83.1 MB.

Unloading 31 unused Assets to reduce memory usage. Loaded Objects now: 2186.
Total: 15.715200 ms (FindLiveObjects: 4.678300 ms CreateObjectMapping: 0.973500 ms MarkObjects: 8.407000 ms  DeleteObjects: 1.592300 ms)

========================================================================
Received Prepare
Refreshing native plugins compatible for Editor in 16.44 ms, found 0 plugins.
Preloading 0 native plugins for Editor in 0.00 ms.
Unloading 29 Unused Serialized files (Serialized files now loaded: 0)
System memory in use before: 50.4 MB.
System memory in use after: 50.5 MB.

Unloading 29 unused Assets to reduce memory usage. Loaded Objects now: 2186.
Total: 62.176600 ms (FindLiveObjects: 0.416700 ms CreateObjectMapping: 0.143800 ms MarkObjects: 61.500700 ms  DeleteObjects: 0.113900 ms)

========================================================================
Received Prepare
Registering precompiled user dll's ...
Registered in 0.211350 seconds.
Begin MonoManager ReloadAssembly
Symbol file LoadedFromMemory is not a mono symbol file
Native extension for WindowsStandalone target not found
Refreshing native plugins compatible for Editor in 0.72 ms, found 0 plugins.
Preloading 0 native plugins for Editor in 0.00 ms.
Invoked RoslynAnalysisRunner static constructor.
RoslynAnalysisRunner will not be running.
RoslynAnalysisRunner has terminated.
Mono: successfully reloaded assembly
- Completed reload, in  7.650 seconds
Platform modules already initialized, skipping
Refreshing native plugins compatible for Editor in 1.41 ms, found 0 plugins.
Preloading 0 native plugins for Editor in 0.00 ms.
Unloading 1685 Unused Serialized files (Serialized files now loaded: 0)
System memory in use before: 83.0 MB.
System memory in use after: 83.1 MB.

Unloading 31 unused Assets to reduce memory usage. Loaded Objects now: 2188.
Total: 9.018900 ms (FindLiveObjects: 0.429900 ms CreateObjectMapping: 0.172400 ms MarkObjects: 7.521400 ms  DeleteObjects: 0.892800 ms)

========================================================================
Received Prepare
Registering precompiled user dll's ...
Registered in 0.014978 seconds.
Begin MonoManager ReloadAssembly
Symbol file LoadedFromMemory is not a mono symbol file
Native extension for WindowsStandalone target not found
Refreshing native plugins compatible for Editor in 0.75 ms, found 0 plugins.
Preloading 0 native plugins for Editor in 0.00 ms.
Invoked RoslynAnalysisRunner static constructor.
RoslynAnalysisRunner will not be running.
RoslynAnalysisRunner has terminated.
Mono: successfully reloaded assembly
- Completed reload, in  1.352 seconds
Platform modules already initialized, skipping
Refreshing native plugins compatible for Editor in 0.67 ms, found 0 plugins.
Preloading 0 native plugins for Editor in 0.00 ms.
Unloading 1685 Unused Serialized files (Serialized files now loaded: 0)
System memory in use before: 83.0 MB.
System memory in use after: 83.1 MB.

Unloading 31 unused Assets to reduce memory usage. Loaded Objects now: 2190.
Total: 6.681100 ms (FindLiveObjects: 0.948200 ms CreateObjectMapping: 0.174200 ms MarkObjects: 5.262100 ms  DeleteObjects: 0.294900 ms)

========================================================================
Received Prepare
Refreshing native plugins compatible for Editor in 28.03 ms, found 0 plugins.
Preloading 0 native plugins for Editor in 0.00 ms.
Unloading 29 Unused Serialized files (Serialized files now loaded: 0)
System memory in use before: 50.4 MB.
System memory in use after: 50.5 MB.

Unloading 29 unused Assets to reduce memory usage. Loaded Objects now: 2190.
Total: 6.128300 ms (FindLiveObjects: 0.797900 ms CreateObjectMapping: 0.339300 ms MarkObjects: 4.866700 ms  DeleteObjects: 0.116000 ms)

========================================================================
Received Prepare
Registering precompiled user dll's ...
Registered in 0.061443 seconds.
Begin MonoManager ReloadAssembly
Symbol file LoadedFromMemory is not a mono symbol file
Native extension for WindowsStandalone target not found
Refreshing native plugins compatible for Editor in 0.56 ms, found 0 plugins.
Preloading 0 native plugins for Editor in 0.00 ms.
Invoked RoslynAnalysisRunner static constructor.
RoslynAnalysisRunner will not be running.
RoslynAnalysisRunner has terminated.
Mono: successfully reloaded assembly
- Completed reload, in  5.359 seconds
Platform modules already initialized, skipping
Refreshing native plugins compatible for Editor in 1.62 ms, found 0 plugins.
Preloading 0 native plugins for Editor in 0.00 ms.
Unloading 1685 Unused Serialized files (Serialized files now loaded: 0)
System memory in use before: 83.0 MB.
System memory in use after: 83.1 MB.

Unloading 31 unused Assets to reduce memory usage. Loaded Objects now: 2192.
Total: 3.461500 ms (FindLiveObjects: 0.444000 ms CreateObjectMapping: 0.124700 ms MarkObjects: 2.805000 ms  DeleteObjects: 0.085400 ms)

========================================================================
Received Prepare
Registering precompiled user dll's ...
Registered in 0.041947 seconds.
Begin MonoManager ReloadAssembly
Symbol file LoadedFromMemory is not a mono symbol file
Native extension for WindowsStandalone target not found
Refreshing native plugins compatible for Editor in 0.91 ms, found 0 plugins.
Preloading 0 native plugins for Editor in 0.00 ms.
Invoked RoslynAnalysisRunner static constructor.
RoslynAnalysisRunner will not be running.
RoslynAnalysisRunner has terminated.
Mono: successfully reloaded assembly
- Completed reload, in  3.025 seconds
Platform modules already initialized, skipping
Refreshing native plugins compatible for Editor in 0.89 ms, found 0 plugins.
Preloading 0 native plugins for Editor in 0.00 ms.
Unloading 1685 Unused Serialized files (Serialized files now loaded: 0)
System memory in use before: 83.0 MB.
System memory in use after: 83.1 MB.

Unloading 31 unused Assets to reduce memory usage. Loaded Objects now: 2194.
Total: 21.246200 ms (FindLiveObjects: 4.656400 ms CreateObjectMapping: 0.237500 ms MarkObjects: 14.170800 ms  DeleteObjects: 2.176400 ms)

========================================================================
Received Prepare
Refreshing native plugins compatible for Editor in 43.98 ms, found 0 plugins.
Preloading 0 native plugins for Editor in 0.00 ms.
Unloading 29 Unused Serialized files (Serialized files now loaded: 0)
System memory in use before: 50.4 MB.
System memory in use after: 50.5 MB.

Unloading 29 unused Assets to reduce memory usage. Loaded Objects now: 2194.
Total: 6.700300 ms (FindLiveObjects: 0.725500 ms CreateObjectMapping: 0.182600 ms MarkObjects: 5.664900 ms  DeleteObjects: 0.118800 ms)

========================================================================
Received Prepare
Registering precompiled user dll's ...
Registered in 0.221110 seconds.
Begin MonoManager ReloadAssembly
Symbol file LoadedFromMemory is not a mono symbol file
Native extension for WindowsStandalone target not found
Refreshing native plugins compatible for Editor in 1.18 ms, found 0 plugins.
Preloading 0 native plugins for Editor in 0.00 ms.
Invoked RoslynAnalysisRunner static constructor.
RoslynAnalysisRunner will not be running.
RoslynAnalysisRunner has terminated.
Mono: successfully reloaded assembly
- Completed reload, in  3.543 seconds
Platform modules already initialized, skipping
Refreshing native plugins compatible for Editor in 1.02 ms, found 0 plugins.
Preloading 0 native plugins for Editor in 0.00 ms.
Unloading 1685 Unused Serialized files (Serialized files now loaded: 0)
System memory in use before: 83.0 MB.
System memory in use after: 83.1 MB.

Unloading 31 unused Assets to reduce memory usage. Loaded Objects now: 2196.
Total: 4.466900 ms (FindLiveObjects: 0.407700 ms CreateObjectMapping: 0.096400 ms MarkObjects: 3.720900 ms  DeleteObjects: 0.239900 ms)

========================================================================
Received Prepare
Registering precompiled user dll's ...
Registered in 0.032269 seconds.
Begin MonoManager ReloadAssembly
Symbol file LoadedFromMemory is not a mono symbol file
Native extension for WindowsStandalone target not found
Refreshing native plugins compatible for Editor in 2.80 ms, found 0 plugins.
Preloading 0 native plugins for Editor in 0.00 ms.
Invoked RoslynAnalysisRunner static constructor.
RoslynAnalysisRunner will not be running.
RoslynAnalysisRunner has terminated.
Mono: successfully reloaded assembly
- Completed reload, in  2.473 seconds
Platform modules already initialized, skipping
Refreshing native plugins compatible for Editor in 2.54 ms, found 0 plugins.
Preloading 0 native plugins for Editor in 0.00 ms.
Unloading 1685 Unused Serialized files (Serialized files now loaded: 0)
System memory in use before: 83.0 MB.
System memory in use after: 83.1 MB.

Unloading 31 unused Assets to reduce memory usage. Loaded Objects now: 2198.
Total: 4.389900 ms (FindLiveObjects: 0.718000 ms CreateObjectMapping: 0.104200 ms MarkObjects: 3.378400 ms  DeleteObjects: 0.186700 ms)

========================================================================
Received Prepare
Refreshing native plugins compatible for Editor in 57.93 ms, found 0 plugins.
Preloading 0 native plugins for Editor in 0.00 ms.
Unloading 29 Unused Serialized files (Serialized files now loaded: 0)
System memory in use before: 50.4 MB.
System memory in use after: 50.4 MB.

Unloading 29 unused Assets to reduce memory usage. Loaded Objects now: 2198.
Total: 9.617900 ms (FindLiveObjects: 0.348300 ms CreateObjectMapping: 0.151000 ms MarkObjects: 8.998700 ms  DeleteObjects: 0.117200 ms)

========================================================================
Received Prepare
Registering precompiled user dll's ...
Registered in 0.069970 seconds.
Begin MonoManager ReloadAssembly
Symbol file LoadedFromMemory is not a mono symbol file
Native extension for WindowsStandalone target not found
Refreshing native plugins compatible for Editor in 0.99 ms, found 0 plugins.
Preloading 0 native plugins for Editor in 0.00 ms.
Invoked RoslynAnalysisRunner static constructor.
RoslynAnalysisRunner will not be running.
RoslynAnalysisRunner has terminated.
Mono: successfully reloaded assembly
- Completed reload, in  4.493 seconds
Platform modules already initialized, skipping
Refreshing native plugins compatible for Editor in 1.15 ms, found 0 plugins.
Preloading 0 native plugins for Editor in 0.00 ms.
Unloading 1685 Unused Serialized files (Serialized files now loaded: 0)
System memory in use before: 83.0 MB.
System memory in use after: 83.1 MB.

Unloading 31 unused Assets to reduce memory usage. Loaded Objects now: 2200.
Total: 2.950400 ms (FindLiveObjects: 0.373400 ms CreateObjectMapping: 0.129800 ms MarkObjects: 2.341500 ms  DeleteObjects: 0.103400 ms)

========================================================================
Received Prepare
Registering precompiled user dll's ...
Registered in 0.014568 seconds.
Begin MonoManager ReloadAssembly
Symbol file LoadedFromMemory is not a mono symbol file
Native extension for WindowsStandalone target not found
Refreshing native plugins compatible for Editor in 1.17 ms, found 0 plugins.
Preloading 0 native plugins for Editor in 0.00 ms.
Invoked RoslynAnalysisRunner static constructor.
RoslynAnalysisRunner will not be running.
RoslynAnalysisRunner has terminated.
Mono: successfully reloaded assembly
- Completed reload, in  2.328 seconds
Platform modules already initialized, skipping
Refreshing native plugins compatible for Editor in 0.78 ms, found 0 plugins.
Preloading 0 native plugins for Editor in 0.00 ms.
Unloading 1685 Unused Serialized files (Serialized files now loaded: 0)
System memory in use before: 83.0 MB.
System memory in use after: 83.1 MB.

Unloading 31 unused Assets to reduce memory usage. Loaded Objects now: 2202.
Total: 5.398000 ms (FindLiveObjects: 1.257700 ms CreateObjectMapping: 0.329500 ms MarkObjects: 3.713200 ms  DeleteObjects: 0.095500 ms)

========================================================================
Received Prepare
Refreshing native plugins compatible for Editor in 28.38 ms, found 0 plugins.
Preloading 0 native plugins for Editor in 0.00 ms.
Unloading 29 Unused Serialized files (Serialized files now loaded: 0)
System memory in use before: 50.4 MB.
System memory in use after: 50.5 MB.

Unloading 29 unused Assets to reduce memory usage. Loaded Objects now: 2202.
Total: 6.435200 ms (FindLiveObjects: 0.319800 ms CreateObjectMapping: 0.137500 ms MarkObjects: 5.862600 ms  DeleteObjects: 0.112900 ms)

========================================================================
Received Prepare
Registering precompiled user dll's ...
Registered in 0.072348 seconds.
Begin MonoManager ReloadAssembly
Symbol file LoadedFromMemory is not a mono symbol file
Native extension for WindowsStandalone target not found
Refreshing native plugins compatible for Editor in 0.80 ms, found 0 plugins.
Preloading 0 native plugins for Editor in 0.00 ms.
Invoked RoslynAnalysisRunner static constructor.
RoslynAnalysisRunner will not be running.
RoslynAnalysisRunner has terminated.
Mono: successfully reloaded assembly
- Completed reload, in  3.994 seconds
Platform modules already initialized, skipping
Refreshing native plugins compatible for Editor in 7.13 ms, found 0 plugins.
Preloading 0 native plugins for Editor in 0.00 ms.
Unloading 1685 Unused Serialized files (Serialized files now loaded: 0)
System memory in use before: 83.0 MB.
System memory in use after: 83.1 MB.

Unloading 31 unused Assets to reduce memory usage. Loaded Objects now: 2204.
Total: 5.557700 ms (FindLiveObjects: 0.360900 ms CreateObjectMapping: 0.118900 ms MarkObjects: 4.924200 ms  DeleteObjects: 0.147900 ms)

========================================================================
Received Prepare
Registering precompiled user dll's ...
Registered in 0.009342 seconds.
Begin MonoManager ReloadAssembly
Symbol file LoadedFromMemory is not a mono symbol file
Native extension for WindowsStandalone target not found
Refreshing native plugins compatible for Editor in 2.47 ms, found 0 plugins.
Preloading 0 native plugins for Editor in 0.00 ms.
Invoked RoslynAnalysisRunner static constructor.
RoslynAnalysisRunner will not be running.
RoslynAnalysisRunner has terminated.
Mono: successfully reloaded assembly
- Completed reload, in  2.130 seconds
Platform modules already initialized, skipping
Refreshing native plugins compatible for Editor in 0.89 ms, found 0 plugins.
Preloading 0 native plugins for Editor in 0.00 ms.
Unloading 1685 Unused Serialized files (Serialized files now loaded: 0)
System memory in use before: 83.1 MB.
System memory in use after: 83.1 MB.

Unloading 31 unused Assets to reduce memory usage. Loaded Objects now: 2206.
Total: 2.966100 ms (FindLiveObjects: 0.313800 ms CreateObjectMapping: 0.156700 ms MarkObjects: 2.404600 ms  DeleteObjects: 0.088900 ms)

========================================================================
Received Prepare
Refreshing native plugins compatible for Editor in 32.92 ms, found 0 plugins.
Preloading 0 native plugins for Editor in 0.00 ms.
Unloading 29 Unused Serialized files (Serialized files now loaded: 0)
System memory in use before: 50.5 MB.
System memory in use after: 50.5 MB.

Unloading 29 unused Assets to reduce memory usage. Loaded Objects now: 2206.
Total: 6.151400 ms (FindLiveObjects: 0.853200 ms CreateObjectMapping: 0.152300 ms MarkObjects: 5.033100 ms  DeleteObjects: 0.110000 ms)

========================================================================
Received Prepare
Registering precompiled user dll's ...
Registered in 0.186105 seconds.
Begin MonoManager ReloadAssembly
Symbol file LoadedFromMemory is not a mono symbol file
Native extension for WindowsStandalone target not found
Refreshing native plugins compatible for Editor in 2.53 ms, found 0 plugins.
Preloading 0 native plugins for Editor in 0.00 ms.
Invoked RoslynAnalysisRunner static constructor.
RoslynAnalysisRunner will not be running.
RoslynAnalysisRunner has terminated.
Mono: successfully reloaded assembly
- Completed reload, in  7.163 seconds
Platform modules already initialized, skipping
Refreshing native plugins compatible for Editor in 0.68 ms, found 0 plugins.
Preloading 0 native plugins for Editor in 0.00 ms.
Unloading 1685 Unused Serialized files (Serialized files now loaded: 0)
System memory in use before: 82.9 MB.
System memory in use after: 83.0 MB.

Unloading 31 unused Assets to reduce memory usage. Loaded Objects now: 2208.
Total: 2.940600 ms (FindLiveObjects: 0.296300 ms CreateObjectMapping: 0.091400 ms MarkObjects: 2.451500 ms  DeleteObjects: 0.099700 ms)

========================================================================
Received Prepare
Registering precompiled user dll's ...
Registered in 0.007693 seconds.
Begin MonoManager ReloadAssembly
Symbol file LoadedFromMemory is not a mono symbol file
Native extension for WindowsStandalone target not found
Refreshing native plugins compatible for Editor in 0.72 ms, found 0 plugins.
Preloading 0 native plugins for Editor in 0.00 ms.
Invoked RoslynAnalysisRunner static constructor.
RoslynAnalysisRunner will not be running.
RoslynAnalysisRunner has terminated.
Mono: successfully reloaded assembly
- Completed reload, in  1.972 seconds
Platform modules already initialized, skipping
Refreshing native plugins compatible for Editor in 1.08 ms, found 0 plugins.
Preloading 0 native plugins for Editor in 0.00 ms.
Unloading 1685 Unused Serialized files (Serialized files now loaded: 0)
System memory in use before: 83.1 MB.
System memory in use after: 83.2 MB.

Unloading 31 unused Assets to reduce memory usage. Loaded Objects now: 2210.
Total: 4.417400 ms (FindLiveObjects: 0.351600 ms CreateObjectMapping: 0.132000 ms MarkObjects: 3.830200 ms  DeleteObjects: 0.101400 ms)

========================================================================
Received Prepare
Registering precompiled user dll's ...
Registered in 0.011919 seconds.
Begin MonoManager ReloadAssembly
Symbol file LoadedFromMemory is not a mono symbol file
Native extension for WindowsStandalone target not found
Refreshing native plugins compatible for Editor in 1.12 ms, found 0 plugins.
Preloading 0 native plugins for Editor in 0.00 ms.
Invoked RoslynAnalysisRunner static constructor.
RoslynAnalysisRunner will not be running.
RoslynAnalysisRunner has terminated.
Mono: successfully reloaded assembly
- Completed reload, in  2.177 seconds
Platform modules already initialized, skipping
Refreshing native plugins compatible for Editor in 0.75 ms, found 0 plugins.
Preloading 0 native plugins for Editor in 0.00 ms.
Unloading 1685 Unused Serialized files (Serialized files now loaded: 0)
System memory in use before: 83.1 MB.
System memory in use after: 83.2 MB.

Unloading 31 unused Assets to reduce memory usage. Loaded Objects now: 2212.
Total: 3.797200 ms (FindLiveObjects: 0.290100 ms CreateObjectMapping: 0.145600 ms MarkObjects: 3.252500 ms  DeleteObjects: 0.106600 ms)

========================================================================
Received Prepare
Registering precompiled user dll's ...
Registered in 0.012828 seconds.
Begin MonoManager ReloadAssembly
Symbol file LoadedFromMemory is not a mono symbol file
Native extension for WindowsStandalone target not found
Refreshing native plugins compatible for Editor in 2.80 ms, found 0 plugins.
Preloading 0 native plugins for Editor in 0.00 ms.
Invoked RoslynAnalysisRunner static constructor.
RoslynAnalysisRunner will not be running.
RoslynAnalysisRunner has terminated.
Mono: successfully reloaded assembly
- Completed reload, in  3.244 seconds
Platform modules already initialized, skipping
Refreshing native plugins compatible for Editor in 0.92 ms, found 0 plugins.
Preloading 0 native plugins for Editor in 0.00 ms.
Unloading 1685 Unused Serialized files (Serialized files now loaded: 0)
System memory in use before: 83.1 MB.
System memory in use after: 83.2 MB.

Unloading 31 unused Assets to reduce memory usage. Loaded Objects now: 2214.
Total: 5.204800 ms (FindLiveObjects: 0.324800 ms CreateObjectMapping: 0.134500 ms MarkObjects: 4.647800 ms  DeleteObjects: 0.094400 ms)

========================================================================
Received Prepare
Refreshing native plugins compatible for Editor in 41.15 ms, found 0 plugins.
Preloading 0 native plugins for Editor in 0.00 ms.
Unloading 29 Unused Serialized files (Serialized files now loaded: 0)
System memory in use before: 50.5 MB.
System memory in use after: 50.6 MB.

Unloading 29 unused Assets to reduce memory usage. Loaded Objects now: 2214.
Total: 10.708900 ms (FindLiveObjects: 0.505900 ms CreateObjectMapping: 0.185800 ms MarkObjects: 9.890900 ms  DeleteObjects: 0.123100 ms)

========================================================================
Received Prepare
Registering precompiled user dll's ...
Registered in 0.040740 seconds.
Begin MonoManager ReloadAssembly
Symbol file LoadedFromMemory is not a mono symbol file
Native extension for WindowsStandalone target not found
Refreshing native plugins compatible for Editor in 1.04 ms, found 0 plugins.
Preloading 0 native plugins for Editor in 0.00 ms.
Invoked RoslynAnalysisRunner static constructor.
RoslynAnalysisRunner will not be running.
RoslynAnalysisRunner has terminated.
Mono: successfully reloaded assembly
- Completed reload, in  4.154 seconds
Platform modules already initialized, skipping
Refreshing native plugins compatible for Editor in 7.12 ms, found 0 plugins.
Preloading 0 native plugins for Editor in 0.00 ms.
Unloading 1685 Unused Serialized files (Serialized files now loaded: 0)
System memory in use before: 83.1 MB.
System memory in use after: 83.2 MB.

Unloading 31 unused Assets to reduce memory usage. Loaded Objects now: 2216.
Total: 11.225100 ms (FindLiveObjects: 4.783800 ms CreateObjectMapping: 0.672400 ms MarkObjects: 5.656300 ms  DeleteObjects: 0.109700 ms)

========================================================================
Received Prepare
Registering precompiled user dll's ...
Registered in 0.010537 seconds.
Begin MonoManager ReloadAssembly
Symbol file LoadedFromMemory is not a mono symbol file
Native extension for WindowsStandalone target not found
Refreshing native plugins compatible for Editor in 1.29 ms, found 0 plugins.
Preloading 0 native plugins for Editor in 0.00 ms.
Invoked RoslynAnalysisRunner static constructor.
RoslynAnalysisRunner will not be running.
RoslynAnalysisRunner has terminated.
Mono: successfully reloaded assembly
- Completed reload, in  2.234 seconds
Platform modules already initialized, skipping
Refreshing native plugins compatible for Editor in 0.72 ms, found 0 plugins.
Preloading 0 native plugins for Editor in 0.00 ms.
Unloading 1685 Unused Serialized files (Serialized files now loaded: 0)
System memory in use before: 83.1 MB.
System memory in use after: 83.2 MB.

Unloading 31 unused Assets to reduce memory usage. Loaded Objects now: 2218.
Total: 8.096900 ms (FindLiveObjects: 0.586100 ms CreateObjectMapping: 0.241900 ms MarkObjects: 7.077700 ms  DeleteObjects: 0.187700 ms)

========================================================================
Received Prepare
Registering precompiled user dll's ...
Registered in 0.010572 seconds.
Begin MonoManager ReloadAssembly
Symbol file LoadedFromMemory is not a mono symbol file
Native extension for WindowsStandalone target not found
Refreshing native plugins compatible for Editor in 0.94 ms, found 0 plugins.
Preloading 0 native plugins for Editor in 0.00 ms.
Invoked RoslynAnalysisRunner static constructor.
RoslynAnalysisRunner will not be running.
RoslynAnalysisRunner has terminated.
Mono: successfully reloaded assembly
- Completed reload, in  2.359 seconds
Platform modules already initialized, skipping
Refreshing native plugins compatible for Editor in 1.25 ms, found 0 plugins.
Preloading 0 native plugins for Editor in 0.00 ms.
Unloading 1685 Unused Serialized files (Serialized files now loaded: 0)
System memory in use before: 83.1 MB.
System memory in use after: 83.2 MB.

Unloading 31 unused Assets to reduce memory usage. Loaded Objects now: 2220.
Total: 4.935000 ms (FindLiveObjects: 0.413700 ms CreateObjectMapping: 0.173800 ms MarkObjects: 4.235400 ms  DeleteObjects: 0.109500 ms)

========================================================================
Received Prepare
Refreshing native plugins compatible for Editor in 16.24 ms, found 0 plugins.
Preloading 0 native plugins for Editor in 0.00 ms.
Unloading 29 Unused Serialized files (Serialized files now loaded: 0)
System memory in use before: 50.5 MB.
System memory in use after: 50.6 MB.

Unloading 29 unused Assets to reduce memory usage. Loaded Objects now: 2220.
Total: 5.389800 ms (FindLiveObjects: 1.178700 ms CreateObjectMapping: 0.471500 ms MarkObjects: 3.641400 ms  DeleteObjects: 0.094500 ms)

========================================================================
Received Prepare
Registering precompiled user dll's ...
Registered in 0.064795 seconds.
Begin MonoManager ReloadAssembly
Symbol file LoadedFromMemory is not a mono symbol file
Native extension for WindowsStandalone target not found
Refreshing native plugins compatible for Editor in 4.40 ms, found 0 plugins.
Preloading 0 native plugins for Editor in 0.00 ms.
Invoked RoslynAnalysisRunner static constructor.
RoslynAnalysisRunner will not be running.
RoslynAnalysisRunner has terminated.
Mono: successfully reloaded assembly
- Completed reload, in 12.361 seconds
Platform modules already initialized, skipping
Refreshing native plugins compatible for Editor in 5.70 ms, found 0 plugins.
Preloading 0 native plugins for Editor in 0.00 ms.
Unloading 1685 Unused Serialized files (Serialized files now loaded: 0)
System memory in use before: 83.1 MB.
System memory in use after: 83.2 MB.

Unloading 31 unused Assets to reduce memory usage. Loaded Objects now: 2222.
Total: 4.272200 ms (FindLiveObjects: 0.458100 ms CreateObjectMapping: 0.199400 ms MarkObjects: 3.504600 ms  DeleteObjects: 0.107700 ms)

========================================================================
Received Prepare
Registering precompiled user dll's ...
Registered in 0.007130 seconds.
Begin MonoManager ReloadAssembly
Symbol file LoadedFromMemory is not a mono symbol file
Native extension for WindowsStandalone target not found
Refreshing native plugins compatible for Editor in 2.08 ms, found 0 plugins.
Preloading 0 native plugins for Editor in 0.00 ms.
Invoked RoslynAnalysisRunner static constructor.
RoslynAnalysisRunner will not be running.
RoslynAnalysisRunner has terminated.
Mono: successfully reloaded assembly
- Completed reload, in  2.168 seconds
Platform modules already initialized, skipping
Refreshing native plugins compatible for Editor in 1.11 ms, found 0 plugins.
Preloading 0 native plugins for Editor in 0.00 ms.
Unloading 1685 Unused Serialized files (Serialized files now loaded: 0)
System memory in use before: 83.1 MB.
System memory in use after: 83.2 MB.

Unloading 31 unused Assets to reduce memory usage. Loaded Objects now: 2224.
Total: 3.531800 ms (FindLiveObjects: 0.431700 ms CreateObjectMapping: 0.147700 ms MarkObjects: 2.830800 ms  DeleteObjects: 0.119100 ms)

========================================================================
Received Prepare
Registering precompiled user dll's ...
Registered in 0.009615 seconds.
Begin MonoManager ReloadAssembly
Symbol file LoadedFromMemory is not a mono symbol file
Native extension for WindowsStandalone target not found
Refreshing native plugins compatible for Editor in 2.06 ms, found 0 plugins.
Preloading 0 native plugins for Editor in 0.00 ms.
Invoked RoslynAnalysisRunner static constructor.
RoslynAnalysisRunner will not be running.
RoslynAnalysisRunner has terminated.
Mono: successfully reloaded assembly
- Completed reload, in  2.239 seconds
Platform modules already initialized, skipping
Refreshing native plugins compatible for Editor in 1.25 ms, found 0 plugins.
Preloading 0 native plugins for Editor in 0.00 ms.
Unloading 1685 Unused Serialized files (Serialized files now loaded: 0)
System memory in use before: 83.1 MB.
System memory in use after: 83.2 MB.

Unloading 31 unused Assets to reduce memory usage. Loaded Objects now: 2226.
Total: 5.169100 ms (FindLiveObjects: 0.534600 ms CreateObjectMapping: 0.189300 ms MarkObjects: 4.305700 ms  DeleteObjects: 0.136700 ms)

========================================================================
Received Prepare
Refreshing native plugins compatible for Editor in 33.70 ms, found 0 plugins.
Preloading 0 native plugins for Editor in 0.00 ms.
Unloading 29 Unused Serialized files (Serialized files now loaded: 0)
System memory in use before: 50.5 MB.
System memory in use after: 50.6 MB.

Unloading 29 unused Assets to reduce memory usage. Loaded Objects now: 2226.
Total: 6.186700 ms (FindLiveObjects: 0.649300 ms CreateObjectMapping: 0.197700 ms MarkObjects: 5.245600 ms  DeleteObjects: 0.091200 ms)

========================================================================
Received Prepare
Registering precompiled user dll's ...
Registered in 0.396395 seconds.
Begin MonoManager ReloadAssembly
Symbol file LoadedFromMemory is not a mono symbol file
Native extension for WindowsStandalone target not found
Refreshing native plugins compatible for Editor in 1.10 ms, found 0 plugins.
Preloading 0 native plugins for Editor in 0.00 ms.
Invoked RoslynAnalysisRunner static constructor.
RoslynAnalysisRunner will not be running.
RoslynAnalysisRunner has terminated.
Mono: successfully reloaded assembly
- Completed reload, in  2.886 seconds
Platform modules already initialized, skipping
Refreshing native plugins compatible for Editor in 1.85 ms, found 0 plugins.
Preloading 0 native plugins for Editor in 0.00 ms.
Unloading 1685 Unused Serialized files (Serialized files now loaded: 0)
System memory in use before: 83.1 MB.
System memory in use after: 83.2 MB.

Unloading 31 unused Assets to reduce memory usage. Loaded Objects now: 2228.
Total: 3.496800 ms (FindLiveObjects: 0.442100 ms CreateObjectMapping: 0.248800 ms MarkObjects: 2.715100 ms  DeleteObjects: 0.088600 ms)

========================================================================
Received Prepare
Registering precompiled user dll's ...
Registered in 0.015444 seconds.
Begin MonoManager ReloadAssembly
Symbol file LoadedFromMemory is not a mono symbol file
Native extension for WindowsStandalone target not found
Refreshing native plugins compatible for Editor in 1.33 ms, found 0 plugins.
Preloading 0 native plugins for Editor in 0.00 ms.
Invoked RoslynAnalysisRunner static constructor.
RoslynAnalysisRunner will not be running.
RoslynAnalysisRunner has terminated.
Mono: successfully reloaded assembly
- Completed reload, in  1.672 seconds
Platform modules already initialized, skipping
Refreshing native plugins compatible for Editor in 0.63 ms, found 0 plugins.
Preloading 0 native plugins for Editor in 0.00 ms.
Unloading 1685 Unused Serialized files (Serialized files now loaded: 0)
System memory in use before: 83.1 MB.
System memory in use after: 83.2 MB.

Unloading 31 unused Assets to reduce memory usage. Loaded Objects now: 2230.
Total: 16.564700 ms (FindLiveObjects: 1.560300 ms CreateObjectMapping: 0.102600 ms MarkObjects: 13.088400 ms  DeleteObjects: 1.811000 ms)

========================================================================
Received Prepare
Refreshing native plugins compatible for Editor in 41.16 ms, found 0 plugins.
Preloading 0 native plugins for Editor in 0.00 ms.
Unloading 29 Unused Serialized files (Serialized files now loaded: 0)
System memory in use before: 50.5 MB.
System memory in use after: 50.6 MB.

Unloading 29 unused Assets to reduce memory usage. Loaded Objects now: 2230.
Total: 5.128600 ms (FindLiveObjects: 0.911300 ms CreateObjectMapping: 0.191200 ms MarkObjects: 3.914400 ms  DeleteObjects: 0.109400 ms)

========================================================================
Received Prepare
Registering precompiled user dll's ...
Registered in 0.032791 seconds.
Begin MonoManager ReloadAssembly
Symbol file LoadedFromMemory is not a mono symbol file
Native extension for WindowsStandalone target not found
Refreshing native plugins compatible for Editor in 4.15 ms, found 0 plugins.
Preloading 0 native plugins for Editor in 0.00 ms.
Invoked RoslynAnalysisRunner static constructor.
RoslynAnalysisRunner will not be running.
RoslynAnalysisRunner has terminated.
Mono: successfully reloaded assembly
- Completed reload, in  9.496 seconds
Platform modules already initialized, skipping
Refreshing native plugins compatible for Editor in 0.83 ms, found 0 plugins.
Preloading 0 native plugins for Editor in 0.00 ms.
Unloading 1685 Unused Serialized files (Serialized files now loaded: 0)
System memory in use before: 83.1 MB.
System memory in use after: 83.2 MB.

Unloading 31 unused Assets to reduce memory usage. Loaded Objects now: 2232.
Total: 14.347700 ms (FindLiveObjects: 2.638300 ms CreateObjectMapping: 0.559900 ms MarkObjects: 10.985300 ms  DeleteObjects: 0.159100 ms)

========================================================================
Received Prepare
Registering precompiled user dll's ...
Registered in 0.013111 seconds.
Begin MonoManager ReloadAssembly
Symbol file LoadedFromMemory is not a mono symbol file
Native extension for WindowsStandalone target not found
Refreshing native plugins compatible for Editor in 0.69 ms, found 0 plugins.
Preloading 0 native plugins for Editor in 0.00 ms.
Invoked RoslynAnalysisRunner static constructor.
RoslynAnalysisRunner will not be running.
RoslynAnalysisRunner has terminated.
Mono: successfully reloaded assembly
- Completed reload, in  1.509 seconds
Platform modules already initialized, skipping
Refreshing native plugins compatible for Editor in 0.66 ms, found 0 plugins.
Preloading 0 native plugins for Editor in 0.00 ms.
Unloading 1685 Unused Serialized files (Serialized files now loaded: 0)
System memory in use before: 83.2 MB.
System memory in use after: 83.2 MB.

Unloading 31 unused Assets to reduce memory usage. Loaded Objects now: 2234.
Total: 3.821900 ms (FindLiveObjects: 0.799500 ms CreateObjectMapping: 0.230900 ms MarkObjects: 2.678800 ms  DeleteObjects: 0.110600 ms)

========================================================================
Received Prepare
Refreshing native plugins compatible for Editor in 30.43 ms, found 0 plugins.
Preloading 0 native plugins for Editor in 0.00 ms.
Unloading 29 Unused Serialized files (Serialized files now loaded: 0)
System memory in use before: 50.6 MB.
System memory in use after: 50.6 MB.

Unloading 29 unused Assets to reduce memory usage. Loaded Objects now: 2234.
Total: 7.403200 ms (FindLiveObjects: 1.531200 ms CreateObjectMapping: 0.175000 ms MarkObjects: 5.516600 ms  DeleteObjects: 0.177100 ms)

========================================================================
Received Prepare
Registering precompiled user dll's ...
Registered in 0.034373 seconds.
Begin MonoManager ReloadAssembly
Symbol file LoadedFromMemory is not a mono symbol file
Native extension for WindowsStandalone target not found
Refreshing native plugins compatible for Editor in 0.60 ms, found 0 plugins.
Preloading 0 native plugins for Editor in 0.00 ms.
Invoked RoslynAnalysisRunner static constructor.
RoslynAnalysisRunner will not be running.
RoslynAnalysisRunner has terminated.
Mono: successfully reloaded assembly
- Completed reload, in  2.013 seconds
Platform modules already initialized, skipping
Refreshing native plugins compatible for Editor in 2.37 ms, found 0 plugins.
Preloading 0 native plugins for Editor in 0.00 ms.
Unloading 1685 Unused Serialized files (Serialized files now loaded: 0)
System memory in use before: 83.2 MB.
System memory in use after: 83.3 MB.

Unloading 31 unused Assets to reduce memory usage. Loaded Objects now: 2236.
Total: 5.242500 ms (FindLiveObjects: 0.524700 ms CreateObjectMapping: 0.283300 ms MarkObjects: 4.355800 ms  DeleteObjects: 0.076500 ms)

========================================================================
Received Import Request.
  Time since last request: 15318.982737 seconds.
  path: Assets/Scenes/TANK/gamescene_online.unity
  artifactKey: Guid(edf85b48ebef33c40888de487ebd8371) Importer(815301076,1909f56bfc062723c751e8b465ee728b)
Start importing Assets/Scenes/TANK/gamescene_online.unity using Guid(edf85b48ebef33c40888de487ebd8371) Importer(815301076,1909f56bfc062723c751e8b465ee728b)  -> (artifact id: 'efa9a736b231dc225fb8a0548b750aea') in 0.051714 seconds
  Import took 0.058812 seconds .

========================================================================
Received Prepare
Registering precompiled user dll's ...
Registered in 0.014638 seconds.
Begin MonoManager ReloadAssembly
Symbol file LoadedFromMemory is not a mono symbol file
Native extension for WindowsStandalone target not found
Refreshing native plugins compatible for Editor in 0.99 ms, found 0 plugins.
Preloading 0 native plugins for Editor in 0.00 ms.
Invoked RoslynAnalysisRunner static constructor.
RoslynAnalysisRunner will not be running.
RoslynAnalysisRunner has terminated.
Mono: successfully reloaded assembly
- Completed reload, in  1.449 seconds
Platform modules already initialized, skipping
Refreshing native plugins compatible for Editor in 0.61 ms, found 0 plugins.
Preloading 0 native plugins for Editor in 0.00 ms.
Unloading 1685 Unused Serialized files (Serialized files now loaded: 0)
System memory in use before: 83.2 MB.
System memory in use after: 83.2 MB.

Unloading 31 unused Assets to reduce memory usage. Loaded Objects now: 2238.
Total: 3.150700 ms (FindLiveObjects: 0.226400 ms CreateObjectMapping: 0.071800 ms MarkObjects: 2.762000 ms  DeleteObjects: 0.088800 ms)

========================================================================
Received Prepare
Registering precompiled user dll's ...
Registered in 0.006489 seconds.
Begin MonoManager ReloadAssembly
Symbol file LoadedFromMemory is not a mono symbol file
Native extension for WindowsStandalone target not found
Refreshing native plugins compatible for Editor in 1.26 ms, found 0 plugins.
Preloading 0 native plugins for Editor in 0.00 ms.
Invoked RoslynAnalysisRunner static constructor.
RoslynAnalysisRunner will not be running.
RoslynAnalysisRunner has terminated.
Mono: successfully reloaded assembly
- Completed reload, in  7.487 seconds
Platform modules already initialized, skipping
Refreshing native plugins compatible for Editor in 0.96 ms, found 0 plugins.
Preloading 0 native plugins for Editor in 0.00 ms.
Unloading 1685 Unused Serialized files (Serialized files now loaded: 0)
System memory in use before: 83.3 MB.
System memory in use after: 83.4 MB.

Unloading 31 unused Assets to reduce memory usage. Loaded Objects now: 2240.
Total: 5.303700 ms (FindLiveObjects: 1.010500 ms CreateObjectMapping: 0.459800 ms MarkObjects: 3.708100 ms  DeleteObjects: 0.122700 ms)

========================================================================
Received Prepare
Refreshing native plugins compatible for Editor in 10.26 ms, found 0 plugins.
Preloading 0 native plugins for Editor in 0.00 ms.
Unloading 29 Unused Serialized files (Serialized files now loaded: 0)
System memory in use before: 50.7 MB.
System memory in use after: 50.8 MB.

Unloading 29 unused Assets to reduce memory usage. Loaded Objects now: 2240.
Total: 4.382700 ms (FindLiveObjects: 0.800700 ms CreateObjectMapping: 0.307600 ms MarkObjects: 3.190000 ms  DeleteObjects: 0.082200 ms)

========================================================================
Received Prepare
Registering precompiled user dll's ...
Registered in 0.069298 seconds.
Begin MonoManager ReloadAssembly
Symbol file LoadedFromMemory is not a mono symbol file
Native extension for WindowsStandalone target not found
Refreshing native plugins compatible for Editor in 0.59 ms, found 0 plugins.
Preloading 0 native plugins for Editor in 0.00 ms.
Invoked RoslynAnalysisRunner static constructor.
RoslynAnalysisRunner will not be running.
RoslynAnalysisRunner has terminated.
Mono: successfully reloaded assembly
- Completed reload, in  2.842 seconds
Platform modules already initialized, skipping
Refreshing native plugins compatible for Editor in 0.94 ms, found 0 plugins.
Preloading 0 native plugins for Editor in 0.00 ms.
Unloading 1685 Unused Serialized files (Serialized files now loaded: 0)
System memory in use before: 83.3 MB.
System memory in use after: 83.4 MB.

Unloading 31 unused Assets to reduce memory usage. Loaded Objects now: 2242.
Total: 7.973000 ms (FindLiveObjects: 0.451300 ms CreateObjectMapping: 0.204600 ms MarkObjects: 7.216900 ms  DeleteObjects: 0.097500 ms)

========================================================================
Received Prepare
Registering precompiled user dll's ...
Registered in 0.015079 seconds.
Begin MonoManager ReloadAssembly
Symbol file LoadedFromMemory is not a mono symbol file
Native extension for WindowsStandalone target not found
Refreshing native plugins compatible for Editor in 0.60 ms, found 0 plugins.
Preloading 0 native plugins for Editor in 0.00 ms.
Invoked RoslynAnalysisRunner static constructor.
RoslynAnalysisRunner will not be running.
RoslynAnalysisRunner has terminated.
Mono: successfully reloaded assembly
- Completed reload, in  1.131 seconds
Platform modules already initialized, skipping
Refreshing native plugins compatible for Editor in 0.58 ms, found 0 plugins.
Preloading 0 native plugins for Editor in 0.00 ms.
Unloading 1685 Unused Serialized files (Serialized files now loaded: 0)
System memory in use before: 83.3 MB.
System memory in use after: 83.4 MB.

Unloading 31 unused Assets to reduce memory usage. Loaded Objects now: 2244.
Total: 4.627000 ms (FindLiveObjects: 0.492500 ms CreateObjectMapping: 0.144200 ms MarkObjects: 3.873900 ms  DeleteObjects: 0.114000 ms)

========================================================================
Received Prepare
Refreshing native plugins compatible for Editor in 23.48 ms, found 0 plugins.
Preloading 0 native plugins for Editor in 0.00 ms.
Unloading 29 Unused Serialized files (Serialized files now loaded: 0)
System memory in use before: 50.7 MB.
System memory in use after: 50.8 MB.

Unloading 29 unused Assets to reduce memory usage. Loaded Objects now: 2244.
Total: 4.026200 ms (FindLiveObjects: 0.434600 ms CreateObjectMapping: 0.140600 ms MarkObjects: 3.355500 ms  DeleteObjects: 0.092500 ms)

========================================================================
Received Prepare
Registering precompiled user dll's ...
Registered in 0.063355 seconds.
Begin MonoManager ReloadAssembly
Symbol file LoadedFromMemory is not a mono symbol file
Native extension for WindowsStandalone target not found
Refreshing native plugins compatible for Editor in 1.03 ms, found 0 plugins.
Preloading 0 native plugins for Editor in 0.00 ms.
Invoked RoslynAnalysisRunner static constructor.
RoslynAnalysisRunner will not be running.
RoslynAnalysisRunner has terminated.
Mono: successfully reloaded assembly
- Completed reload, in  4.867 seconds
Platform modules already initialized, skipping
Refreshing native plugins compatible for Editor in 0.85 ms, found 0 plugins.
Preloading 0 native plugins for Editor in 0.00 ms.
Unloading 1685 Unused Serialized files (Serialized files now loaded: 0)
System memory in use before: 83.3 MB.
System memory in use after: 83.4 MB.

Unloading 31 unused Assets to reduce memory usage. Loaded Objects now: 2246.
Total: 3.478000 ms (FindLiveObjects: 0.366500 ms CreateObjectMapping: 0.185200 ms MarkObjects: 2.807800 ms  DeleteObjects: 0.116100 ms)

========================================================================
Received Prepare
Refreshing native plugins compatible for Editor in 45.79 ms, found 0 plugins.
Preloading 0 native plugins for Editor in 0.00 ms.
Unloading 29 Unused Serialized files (Serialized files now loaded: 0)
System memory in use before: 51.5 MB.
System memory in use after: 51.6 MB.

Unloading 29 unused Assets to reduce memory usage. Loaded Objects now: 2246.
Total: 6.719100 ms (FindLiveObjects: 0.908900 ms CreateObjectMapping: 0.172900 ms MarkObjects: 5.547700 ms  DeleteObjects: 0.086500 ms)

========================================================================
Received Import Request.
  Time since last request: 917.628082 seconds.
  path: Assets/Scenes/TANK/gamescene_online.unity
  artifactKey: Guid(edf85b48ebef33c40888de487ebd8371) Importer(815301076,1909f56bfc062723c751e8b465ee728b)
Start importing Assets/Scenes/TANK/gamescene_online.unity using Guid(edf85b48ebef33c40888de487ebd8371) Importer(815301076,1909f56bfc062723c751e8b465ee728b)  -> (artifact id: 'f6f445aab453d5e85ff5842074fca9dc') in 0.262278 seconds
  Import took 0.274574 seconds .

========================================================================
Received Prepare
Refreshing native plugins compatible for Editor in 16.56 ms, found 0 plugins.
Preloading 0 native plugins for Editor in 0.00 ms.
Unloading 29 Unused Serialized files (Serialized files now loaded: 0)
System memory in use before: 50.7 MB.
System memory in use after: 50.8 MB.

Unloading 29 unused Assets to reduce memory usage. Loaded Objects now: 2246.
Total: 9.541200 ms (FindLiveObjects: 0.323200 ms CreateObjectMapping: 0.116300 ms MarkObjects: 8.699200 ms  DeleteObjects: 0.399700 ms)

========================================================================
Received Prepare
Registering precompiled user dll's ...
Registered in 0.025189 seconds.
Begin MonoManager ReloadAssembly
Symbol file LoadedFromMemory is not a mono symbol file
Native extension for WindowsStandalone target not found
Refreshing native plugins compatible for Editor in 1.01 ms, found 0 plugins.
Preloading 0 native plugins for Editor in 0.00 ms.
Invoked RoslynAnalysisRunner static constructor.
RoslynAnalysisRunner will not be running.
RoslynAnalysisRunner has terminated.
Mono: successfully reloaded assembly
- Completed reload, in  4.350 seconds
Platform modules already initialized, skipping
Refreshing native plugins compatible for Editor in 1.72 ms, found 0 plugins.
Preloading 0 native plugins for Editor in 0.00 ms.
Unloading 1685 Unused Serialized files (Serialized files now loaded: 0)
System memory in use before: 83.3 MB.
System memory in use after: 83.4 MB.

Unloading 31 unused Assets to reduce memory usage. Loaded Objects now: 2248.
Total: 4.494900 ms (FindLiveObjects: 1.313800 ms CreateObjectMapping: 0.301400 ms MarkObjects: 2.755200 ms  DeleteObjects: 0.116500 ms)

========================================================================
Received Prepare
Registering precompiled user dll's ...
Registered in 0.010430 seconds.
Begin MonoManager ReloadAssembly
Symbol file LoadedFromMemory is not a mono symbol file
Native extension for WindowsStandalone target not found
Refreshing native plugins compatible for Editor in 0.58 ms, found 0 plugins.
Preloading 0 native plugins for Editor in 0.00 ms.
Invoked RoslynAnalysisRunner static constructor.
RoslynAnalysisRunner will not be running.
RoslynAnalysisRunner has terminated.
Mono: successfully reloaded assembly
- Completed reload, in  1.845 seconds
Platform modules already initialized, skipping
Refreshing native plugins compatible for Editor in 1.07 ms, found 0 plugins.
Preloading 0 native plugins for Editor in 0.00 ms.
Unloading 1685 Unused Serialized files (Serialized files now loaded: 0)
System memory in use before: 83.3 MB.
System memory in use after: 83.4 MB.

Unloading 31 unused Assets to reduce memory usage. Loaded Objects now: 2250.
Total: 9.724300 ms (FindLiveObjects: 2.671400 ms CreateObjectMapping: 1.076800 ms MarkObjects: 5.768100 ms  DeleteObjects: 0.120100 ms)

========================================================================
Received Prepare
Registering precompiled user dll's ...
Registered in 0.013385 seconds.
Begin MonoManager ReloadAssembly
Symbol file LoadedFromMemory is not a mono symbol file
Native extension for WindowsStandalone target not found
Refreshing native plugins compatible for Editor in 0.64 ms, found 0 plugins.
Preloading 0 native plugins for Editor in 0.00 ms.
Invoked RoslynAnalysisRunner static constructor.
RoslynAnalysisRunner will not be running.
RoslynAnalysisRunner has terminated.
Mono: successfully reloaded assembly
- Completed reload, in  1.549 seconds
Platform modules already initialized, skipping
Refreshing native plugins compatible for Editor in 1.19 ms, found 0 plugins.
Preloading 0 native plugins for Editor in 0.00 ms.
Unloading 1685 Unused Serialized files (Serialized files now loaded: 0)
System memory in use before: 83.3 MB.
System memory in use after: 83.4 MB.

Unloading 31 unused Assets to reduce memory usage. Loaded Objects now: 2252.
Total: 3.081400 ms (FindLiveObjects: 0.452100 ms CreateObjectMapping: 0.184400 ms MarkObjects: 2.339400 ms  DeleteObjects: 0.103500 ms)

========================================================================
Received Prepare
Refreshing native plugins compatible for Editor in 21.95 ms, found 0 plugins.
Preloading 0 native plugins for Editor in 0.00 ms.
Unloading 29 Unused Serialized files (Serialized files now loaded: 0)
System memory in use before: 50.7 MB.
System memory in use after: 50.8 MB.

Unloading 29 unused Assets to reduce memory usage. Loaded Objects now: 2252.
Total: 5.106800 ms (FindLiveObjects: 0.342300 ms CreateObjectMapping: 0.126300 ms MarkObjects: 4.533000 ms  DeleteObjects: 0.102400 ms)

========================================================================
Received Prepare
Registering precompiled user dll's ...
Registered in 0.044443 seconds.
Begin MonoManager ReloadAssembly
Symbol file LoadedFromMemory is not a mono symbol file
Native extension for WindowsStandalone target not found
Refreshing native plugins compatible for Editor in 3.02 ms, found 0 plugins.
Preloading 0 native plugins for Editor in 0.00 ms.
Invoked RoslynAnalysisRunner static constructor.
RoslynAnalysisRunner will not be running.
RoslynAnalysisRunner has terminated.
Mono: successfully reloaded assembly
- Completed reload, in  3.657 seconds
Platform modules already initialized, skipping
Refreshing native plugins compatible for Editor in 10.74 ms, found 0 plugins.
Preloading 0 native plugins for Editor in 0.00 ms.
Unloading 1685 Unused Serialized files (Serialized files now loaded: 0)
System memory in use before: 83.3 MB.
System memory in use after: 83.4 MB.

Unloading 31 unused Assets to reduce memory usage. Loaded Objects now: 2254.
Total: 239.395200 ms (FindLiveObjects: 1.279700 ms CreateObjectMapping: 0.715200 ms MarkObjects: 237.197600 ms  DeleteObjects: 0.198900 ms)

========================================================================
Received Import Request.
  Time since last request: 758.420794 seconds.
  path: Assets/Scenes/TANK/gamescene_online.unity
  artifactKey: Guid(edf85b48ebef33c40888de487ebd8371) Importer(815301076,1909f56bfc062723c751e8b465ee728b)
Start importing Assets/Scenes/TANK/gamescene_online.unity using Guid(edf85b48ebef33c40888de487ebd8371) Importer(815301076,1909f56bfc062723c751e8b465ee728b)  -> (artifact id: 'b70c95ebaf70a5ca618e60ce51843586') in 0.047082 seconds
  Import took 0.053370 seconds .

========================================================================
Received Import Request.
  Time since last request: 193.559394 seconds.
  path: Assets/Animators/Pumpjack.controller
  artifactKey: Guid(b83bf9933497ccf459675b37a3115920) Importer(815301076,1909f56bfc062723c751e8b465ee728b)
Start importing Assets/Animators/Pumpjack.controller using Guid(b83bf9933497ccf459675b37a3115920) Importer(815301076,1909f56bfc062723c751e8b465ee728b)  -> (artifact id: '41fba298c2fa9cb65d6d76a0e0d0250c') in 0.034423 seconds
  Import took 0.039791 seconds .

========================================================================
Received Import Request.
  Time since last request: 6.684171 seconds.
  path: Assets/Animators
  artifactKey: Guid(63db5dd3902ac1c48b09ef34d5fac746) Importer(815301076,1909f56bfc062723c751e8b465ee728b)
Start importing Assets/Animators using Guid(63db5dd3902ac1c48b09ef34d5fac746) Importer(815301076,1909f56bfc062723c751e8b465ee728b)  -> (artifact id: '0b154a70ae32fba7d5d555a201275673') in 0.025523 seconds
  Import took 0.034966 seconds .

========================================================================
Received Import Request.
  Time since last request: 4.429119 seconds.
  path: Assets/AudioClips
  artifactKey: Guid(0df7b64f0e702f14897580a356feae92) Importer(815301076,1909f56bfc062723c751e8b465ee728b)
Start importing Assets/AudioClips using Guid(0df7b64f0e702f14897580a356feae92) Importer(815301076,1909f56bfc062723c751e8b465ee728b)  -> (artifact id: 'feb0fa5b81a9cb89e9ccf3d785a79fb5') in 0.009087 seconds
  Import took 0.015547 seconds .

========================================================================
Received Prepare
Registering precompiled user dll's ...
Registered in 0.011504 seconds.
Begin MonoManager ReloadAssembly
Symbol file LoadedFromMemory is not a mono symbol file
Native extension for WindowsStandalone target not found
Refreshing native plugins compatible for Editor in 0.97 ms, found 0 plugins.
Preloading 0 native plugins for Editor in 0.00 ms.
Invoked RoslynAnalysisRunner static constructor.
RoslynAnalysisRunner will not be running.
RoslynAnalysisRunner has terminated.
Mono: successfully reloaded assembly
- Completed reload, in  3.209 seconds
Platform modules already initialized, skipping
Refreshing native plugins compatible for Editor in 0.57 ms, found 0 plugins.
Preloading 0 native plugins for Editor in 0.00 ms.
Unloading 1670 Unused Serialized files (Serialized files now loaded: 0)
System memory in use before: 83.0 MB.
System memory in use after: 83.1 MB.

Unloading 46 unused Assets to reduce memory usage. Loaded Objects now: 2241.
Total: 14.838600 ms (FindLiveObjects: 0.865500 ms CreateObjectMapping: 0.143400 ms MarkObjects: 12.318100 ms  DeleteObjects: 1.509000 ms)

========================================================================
Received Import Request.
  Time since last request: 108.234521 seconds.
  path: Assets/TutorialInfo
  artifactKey: Guid(49110bb8dcada46328ad741970bce702) Importer(815301076,1909f56bfc062723c751e8b465ee728b)
Start importing Assets/TutorialInfo using Guid(49110bb8dcada46328ad741970bce702) Importer(815301076,1909f56bfc062723c751e8b465ee728b)  -> (artifact id: 'd5ee963e2512bfc4c76dabaa483bd5f1') in 0.007474 seconds
  Import took 0.011499 seconds .

========================================================================
Received Import Request.
  Time since last request: 0.016039 seconds.
  path: Assets/TutorialInfo
  artifactKey: Guid(49110bb8dcada46328ad741970bce702) Importer(815301076,1909f56bfc062723c751e8b465ee728b)
Start importing Assets/TutorialInfo using Guid(49110bb8dcada46328ad741970bce702) Importer(815301076,1909f56bfc062723c751e8b465ee728b)  -> (artifact id: 'd5ee963e2512bfc4c76dabaa483bd5f1') in 0.003441 seconds
  Import took 0.008030 seconds .

========================================================================
Received Prepare
Refreshing native plugins compatible for Editor in 25.10 ms, found 0 plugins.
Preloading 0 native plugins for Editor in 0.00 ms.
Unloading 29 Unused Serialized files (Serialized files now loaded: 0)
System memory in use before: 50.7 MB.
System memory in use after: 50.8 MB.

Unloading 29 unused Assets to reduce memory usage. Loaded Objects now: 2241.
Total: 4.070600 ms (FindLiveObjects: 0.263900 ms CreateObjectMapping: 0.094200 ms MarkObjects: 3.630000 ms  DeleteObjects: 0.080000 ms)

========================================================================
Received Prepare
Registering precompiled user dll's ...
Registered in 0.041676 seconds.
Begin MonoManager ReloadAssembly
Symbol file LoadedFromMemory is not a mono symbol file
Native extension for WindowsStandalone target not found
Refreshing native plugins compatible for Editor in 0.77 ms, found 0 plugins.
Preloading 0 native plugins for Editor in 0.00 ms.
Invoked RoslynAnalysisRunner static constructor.
RoslynAnalysisRunner will not be running.
RoslynAnalysisRunner has terminated.
Mono: successfully reloaded assembly
- Completed reload, in  3.232 seconds
Platform modules already initialized, skipping
Refreshing native plugins compatible for Editor in 1.06 ms, found 0 plugins.
Preloading 0 native plugins for Editor in 0.00 ms.
Unloading 1670 Unused Serialized files (Serialized files now loaded: 0)
System memory in use before: 83.0 MB.
System memory in use after: 83.1 MB.

Unloading 31 unused Assets to reduce memory usage. Loaded Objects now: 2243.
Total: 13.679500 ms (FindLiveObjects: 0.423900 ms CreateObjectMapping: 0.136500 ms MarkObjects: 10.208800 ms  DeleteObjects: 2.907400 ms)

AssetImportWorkerClient::OnTransportError - code=2 error=End of file
